

HI-TECH Software PIC LITE Macro Assembler V9.83 build 10920 
                                                                                               Mon Oct 22 05:35:47 2018

HI-TECH Software Omniscient Code Generator (Lite mode) build 10920
     1  0000                     opt subtitle "HI-TECH Software Omniscient Code Generator (Lite mode) build 10920"
     2                           
     3                           opt pagewidth 120
     4                           
     5                           	opt lm
     6                           
     7                           	processor	16F877A
     8                           clrc	macro
     9                           	bcf	3,0
    10  0000                     	endm
    11                           clrz	macro
    12                           	bcf	3,2
    13  0000                     	endm
    14                           setc	macro
    15                           	bsf	3,0
    16  0000                     	endm
    17                           setz	macro
    18                           	bsf	3,2
    19  0000                     	endm
    20                           skipc	macro
    21                           	btfss	3,0
    22  0000                     	endm
    23                           skipz	macro
    24                           	btfss	3,2
    25  0000                     	endm
    26                           skipnc	macro
    27                           	btfsc	3,0
    28  0000                     	endm
    29                           skipnz	macro
    30                           	btfsc	3,2
    31  0000                     	endm
    32  0000                     indf	equ	0
    33  0000                     indf0	equ	0
    34  0002                     pc	equ	2
    35  0002                     pcl	equ	2
    36  0003                     status	equ	3
    37  0004                     fsr	equ	4
    38  0004                     fsr0	equ	4
    39  0001                     c	equ	1
    40  0000                     z	equ	0
    41  000A                     pclath	equ	10
    42                           # 4 "D:\SRIDHAR\02-LYCASOFT EMBEDDED CODING\02-PIC 16F877A CODING\07-7 SEGMENT 0-9\CODE\
                                 7 SEGMENT 0-9.c"
    43                           	psect config,class=CONFIG,delta=2 ;#
    44                           # 4 "D:\SRIDHAR\02-LYCASOFT EMBEDDED CODING\02-PIC 16F877A CODING\07-7 SEGMENT 0-9\CODE\
                                 7 SEGMENT 0-9.c"
    45  2007  3F3A               	dw 0X3F3A ;#
    46                           	FNROOT	_main
    47                           	global	_DIG
    48                           psect	idataBANK0,class=CODE,space=0,delta=2
    49                           global __pidataBANK0
    50  0798                     __pidataBANK0:
    51                           	file	"D:\SRIDHAR\02-LYCASOFT EMBEDDED CODING\02-PIC 16F877A CODING\07-7 SEGMENT 0-9\COD
                                 E\7 SEGMENT 0-9.c"
    52                           	line	6
    53                           
    54                           ;initializer for _DIG
    55  0798  343F               	retlw	03Fh
    56  0799  3406               	retlw	06h
    57  079A  345B               	retlw	05Bh
    58  079B  344F               	retlw	04Fh
    59  079C  3466               	retlw	066h
    60  079D  346D               	retlw	06Dh
    61  079E  347D               	retlw	07Dh
    62  079F  3407               	retlw	07h
    63  07A0  34FF               	retlw	0FFh
    64  07A1  3467               	retlw	067h
    65                           	global	_Count
    66                           	global	_PORTB
    67  0006                     _PORTB	set	6
    68                           	global	_CARRY
    69  0018                     _CARRY	set	24
    70                           	global	_GIE
    71  005F                     _GIE	set	95
    72                           	global	_TRISB
    73  0086                     _TRISB	set	134
    74                           	global	_EEADR
    75  010D                     _EEADR	set	269
    76                           	global	_EEDATA
    77  010C                     _EEDATA	set	268
    78                           	global	_EECON1
    79  018C                     _EECON1	set	396
    80                           	global	_EECON2
    81  018D                     _EECON2	set	397
    82                           	global	_RD
    83  0C60                     _RD	set	3168
    84                           	global	_WR
    85  0C61                     _WR	set	3169
    86                           	global	_WREN
    87  0C62                     _WREN	set	3170
    88                           	file	"7 SEGMENT 0-9.as"
    89                           	line	#
    90                           psect cinit,class=CODE,delta=2
    91                           global start_initialization
    92  07B5                     start_initialization:
    93                           
    94                           psect	bssCOMMON,class=COMMON,space=1
    95                           global __pbssCOMMON
    96  0073                     __pbssCOMMON:
    97  0073                     _Count:
    98  0073                            ds      2
    99                           
   100                           psect	dataBANK0,class=BANK0,space=1
   101                           global __pdataBANK0
   102  0020                     __pdataBANK0:
   103                           	file	"D:\SRIDHAR\02-LYCASOFT EMBEDDED CODING\02-PIC 16F877A CODING\07-7 SEGMENT 0-9\COD
                                 E\7 SEGMENT 0-9.c"
   104  0020                     _DIG:
   105  0020                            ds      10
   106                           
   107                           ; Clear objects allocated to COMMON
   108                           psect cinit,class=CODE,delta=2
   109  07B5  01F3               	clrf	((__pbssCOMMON)+0)&07Fh
   110  07B6  01F4               	clrf	((__pbssCOMMON)+1)&07Fh
   111                           global btemp
   112                           psect inittext,class=CODE,delta=2
   113                           global init_fetch,btemp
   114                           ;	Called with low address in FSR and high address in W
   115  07A2                     init_fetch:
   116  07A2  087E               	movf btemp,w
   117  07A3  008A               	movwf pclath
   118  07A4  087F               	movf btemp+1,w
   119  07A5  0082               	movwf pc
   120                           global init_ram
   121                           ;Called with:
   122                           ;	high address of idata address in btemp 
   123                           ;	low address of idata address in btemp+1 
   124                           ;	low address of data in FSR
   125                           ;	high address + 1 of data in btemp-1
   126  07A6                     init_ram:
   127  07A6  120A  118A  27A2   	fcall init_fetch
              120A  118A         
   128  07AB  0080               	movwf indf,f
   129  07AC  0A84               	incf fsr,f
   130  07AD  0804               	movf fsr,w
   131  07AE  067D               	xorwf btemp-1,w
   132  07AF  1903               	btfsc status,2
   133  07B0  3400               	retlw 0
   134  07B1  0AFF               	incf btemp+1,f
   135  07B2  1903               	btfsc status,2
   136  07B3  0AFE               	incf btemp,f
   137  07B4  2FA6               	goto init_ram
   138                           ; Initialize objects allocated to BANK0
   139                           psect cinit,class=CODE,delta=2
   140                           global init_ram, __pidataBANK0
   141  07B7  1383               	bcf	status, 7	;select IRP bank0
   142  07B8  302A               	movlw low(__pdataBANK0+10)
   143  07B9  00FD               	movwf btemp-1,f
   144  07BA  3007               	movlw high(__pidataBANK0)
   145  07BB  00FE               	movwf btemp,f
   146  07BC  3098               	movlw low(__pidataBANK0)
   147  07BD  00FF               	movwf btemp+1,f
   148  07BE  3020               	movlw low(__pdataBANK0)
   149  07BF  0084               	movwf fsr,f
   150  07C0  120A  118A  27A6   	fcall init_ram
              120A  118A         
   151                           psect cinit,class=CODE,delta=2
   152                           global end_of_initialization
   153                           
   154                           ;End of C runtime variable initialization code
   155                           
   156  07C5                     end_of_initialization:
   157  07C5  0183               clrf status
   158  07C6  120A  118A  2FC9   ljmp _main	;jump to C main() function
   159                           psect	cstackCOMMON,class=COMMON,space=1
   160                           global __pcstackCOMMON
   161  0070                     __pcstackCOMMON:
   162                           	global	?_main
   163  0070                     ?_main:	; 0 bytes @ 0x0
   164                           	global	??_main
   165  0070                     ??_main:	; 0 bytes @ 0x0
   166  0070                     	ds	3
   167 ;;Data sizes: Strings 0, constant 0, data 10, bss 2, persistent 0 stack 0
   168 ;;Auto spaces:   Size  Autos    Used
   169 ;; COMMON          14      3       5
   170 ;; BANK0           80      0      10
   171 ;; BANK1           80      0       0
   172 ;; BANK3           96      0       0
   173 ;; BANK2           96      0       0
   174                           
   175 ;;
   176 ;; Pointer list with targets:
   177                           
   178                           
   179                           
   180 ;;
   181 ;; Critical Paths under _main in COMMON
   182 ;;
   183 ;;   None.
   184 ;;
   185 ;; Critical Paths under _main in BANK0
   186 ;;
   187 ;;   None.
   188 ;;
   189 ;; Critical Paths under _main in BANK1
   190 ;;
   191 ;;   None.
   192 ;;
   193 ;; Critical Paths under _main in BANK3
   194 ;;
   195 ;;   None.
   196 ;;
   197 ;; Critical Paths under _main in BANK2
   198 ;;
   199 ;;   None.
   200                           
   201 ;;
   202 ;;Main: autosize = 0, tempsize = 3, incstack = 0, save=0
   203 ;;
   204                           
   205 ;;
   206 ;;Call Graph Tables:
   207 ;;
   208 ;; ---------------------------------------------------------------------------------
   209 ;; (Depth) Function   	        Calls       Base Space   Used Autos Params    Refs
   210 ;; ---------------------------------------------------------------------------------
   211 ;; (0) _main                                                 3     3      0       0
   212 ;;                                              0 COMMON     3     3      0
   213 ;; ---------------------------------------------------------------------------------
   214 ;; Estimated maximum stack depth 0
   215 ;; ---------------------------------------------------------------------------------
   216                           
   217 ;; Call Graph Graphs:
   218                           
   219 ;; _main (ROOT)
   220 ;;
   221                           
   222 ;; Address spaces:
   223                           
   224 ;;Name               Size   Autos  Total    Cost      Usage
   225 ;;BANK3               60      0       0       9        0.0%
   226 ;;BITBANK3            60      0       0       8        0.0%
   227 ;;SFR3                 0      0       0       4        0.0%
   228 ;;BITSFR3              0      0       0       4        0.0%
   229 ;;BANK2               60      0       0      11        0.0%
   230 ;;BITBANK2            60      0       0      10        0.0%
   231 ;;SFR2                 0      0       0       5        0.0%
   232 ;;BITSFR2              0      0       0       5        0.0%
   233 ;;SFR1                 0      0       0       2        0.0%
   234 ;;BITSFR1              0      0       0       2        0.0%
   235 ;;BANK1               50      0       0       7        0.0%
   236 ;;BITBANK1            50      0       0       6        0.0%
   237 ;;CODE                 0      0       0       0        0.0%
   238 ;;DATA                 0      0       F      12        0.0%
   239 ;;ABS                  0      0       F       3        0.0%
   240 ;;NULL                 0      0       0       0        0.0%
   241 ;;STACK                0      0       0       2        0.0%
   242 ;;BANK0               50      0       A       5       12.5%
   243 ;;BITBANK0            50      0       0       4        0.0%
   244 ;;SFR0                 0      0       0       1        0.0%
   245 ;;BITSFR0              0      0       0       1        0.0%
   246 ;;COMMON               E      3       5       1       35.7%
   247 ;;BITCOMMON            E      0       0       0        0.0%
   248 ;;EEDATA             100      0       0       0        0.0%
   249                           
   250                           	global	_main
   251                           psect	maintext,global,class=CODE,delta=2
   252                           global __pmaintext
   253  07C9                     __pmaintext:
   254                           
   255 ;; *************** function _main *****************
   256 ;; Defined at:
   257 ;;		line 12 in file "D:\SRIDHAR\02-LYCASOFT EMBEDDED CODING\02-PIC 16F877A CODING\07-7 SEGMENT 0-9\CODE\7 SEGMENT 0-9.c"
   258 ;; Parameters:    Size  Location     Type
   259 ;;		None
   260 ;; Auto vars:     Size  Location     Type
   261 ;;		None
   262 ;; Return value:  Size  Location     Type
   263 ;;		None               void
   264 ;; Registers used:
   265 ;;		wreg, fsr0l, fsr0h, status,2, status,0, btemp+1
   266 ;; Tracked objects:
   267 ;;		On entry : 17F/0
   268 ;;		On exit  : 0/0
   269 ;;		Unchanged: 0/0
   270 ;; Data sizes:     COMMON   BANK0   BANK1   BANK3   BANK2
   271 ;;      Params:         0       0       0       0       0
   272 ;;      Locals:         0       0       0       0       0
   273 ;;      Temps:          3       0       0       0       0
   274 ;;      Totals:         3       0       0       0       0
   275 ;;Total ram usage:        3 bytes
   276 ;; This function calls:
   277 ;;		Nothing
   278 ;; This function is called by:
   279 ;;		Startup code after reset
   280 ;; This function uses a non-reentrant model
   281 ;;
   282                           psect	maintext
   283                           	file	"D:\SRIDHAR\02-LYCASOFT EMBEDDED CODING\02-PIC 16F877A CODING\07-7 SEGMENT 0-9\COD
                                 E\7 SEGMENT 0-9.c"
   284                           	line	12
   285                           	global	__size_of_main
   286  0037                     	__size_of_main	equ	__end_of_main-_main
   287                           	
   288  07C9                     _main:	
   289                           	opt	stack 8
   290                           ; Regs used in _main: [wreg-fsr0h+status,2+status,0+btemp+1]
   291                           	line	13
   292                           	
   293  07C9                     l2612:	
   294                           ;7 SEGMENT 0-9.c: 13: TRISB=0X00;
   295  07C9  1683               	bsf	status, 5	;RP0=1, select bank1
   296  07CA  1303               	bcf	status, 6	;RP1=0, select bank1
   297  07CB  0186               	clrf	(134)^080h	;volatile
   298                           	line	14
   299                           ;7 SEGMENT 0-9.c: 14: PORTB=0X00;
   300  07CC  1283               	bcf	status, 5	;RP0=0, select bank0
   301  07CD  1303               	bcf	status, 6	;RP1=0, select bank0
   302  07CE  0186               	clrf	(6)	;volatile
   303  07CF  2FD0               	goto	l2614
   304                           	line	16
   305                           ;7 SEGMENT 0-9.c: 16: while(1)
   306                           	
   307  07D0                     l691:	
   308                           	line	18
   309                           	
   310  07D0                     l2614:	
   311                           ;7 SEGMENT 0-9.c: 17: {
   312                           ;7 SEGMENT 0-9.c: 18: PORTB=DIG[Count];
   313  07D0  0873               	movf	(_Count),w
   314  07D1  3E20               	addlw	_DIG&0ffh
   315  07D2  0084               	movwf	fsr0
   316  07D3  1383               	bcf	status, 7	;select IRP bank0
   317  07D4  0800               	movf	indf,w
   318  07D5  1283               	bcf	status, 5	;RP0=0, select bank0
   319  07D6  1303               	bcf	status, 6	;RP1=0, select bank0
   320  07D7  0086               	movwf	(6)	;volatile
   321                           	line	19
   322                           	
   323  07D8                     l2616:	
   324                           ;7 SEGMENT 0-9.c: 19: _delay((unsigned long)((1000)*(20e6/4000.0)));
   325                           	opt asmopt_off
   326  07D8  301A               movlw  26
   327  07D9  00F2               movwf	((??_main+0)+0+2),f
   328  07DA  305E               movlw	94
   329  07DB  00F1               movwf	((??_main+0)+0+1),f
   330  07DC  3086               	movlw	134
   331  07DD  00F0               movwf	((??_main+0)+0),f
   332  07DE                     u2247:
   333  07DE  0BF0               	decfsz	((??_main+0)+0),f
   334  07DF  2FDE               	goto	u2247
   335  07E0  0BF1               	decfsz	((??_main+0)+0+1),f
   336  07E1  2FDE               	goto	u2247
   337  07E2  0BF2               	decfsz	((??_main+0)+0+2),f
   338  07E3  2FDE               	goto	u2247
   339  07E4  0064               	clrwdt
   340                           opt asmopt_on
   341                           
   342                           	line	20
   343                           	
   344  07E5                     l2618:	
   345                           ;7 SEGMENT 0-9.c: 20: Count++;
   346  07E5  3001               	movlw	low(01h)
   347  07E6  07F3               	addwf	(_Count),f
   348  07E7  1803               	skipnc
   349  07E8  0AF4               	incf	(_Count+1),f
   350  07E9  3000               	movlw	high(01h)
   351  07EA  07F4               	addwf	(_Count+1),f
   352                           	line	21
   353                           	
   354  07EB                     l2620:	
   355                           ;7 SEGMENT 0-9.c: 21: if(Count>=10)
   356  07EB  0874               	movf	(_Count+1),w
   357  07EC  3A80               	xorlw	80h
   358  07ED  00FF               	movwf	btemp+1
   359  07EE  3080               	movlw	(high(0Ah))^80h
   360  07EF  027F               	subwf	btemp+1,w
   361  07F0  1D03               	skipz
   362  07F1  2FF4               	goto	u2235
   363  07F2  300A               	movlw	low(0Ah)
   364  07F3  0273               	subwf	(_Count),w
   365  07F4                     u2235:
   366                           
   367  07F4  1C03               	skipc
   368  07F5  2FF7               	goto	u2231
   369  07F6  2FF8               	goto	u2230
   370  07F7                     u2231:
   371  07F7  2FD0               	goto	l2614
   372  07F8                     u2230:
   373                           	line	23
   374                           	
   375  07F8                     l2622:	
   376                           ;7 SEGMENT 0-9.c: 22: {
   377                           ;7 SEGMENT 0-9.c: 23: Count=0;
   378  07F8  01F3               	clrf	(_Count)
   379  07F9  01F4               	clrf	(_Count+1)
   380  07FA  2FD0               	goto	l2614
   381                           	line	24
   382                           	
   383  07FB                     l692:	
   384  07FB  2FD0               	goto	l2614
   385                           	line	25
   386                           	
   387  07FC                     l693:	
   388                           	line	16
   389  07FC  2FD0               	goto	l2614
   390                           	
   391  07FD                     l694:	
   392                           	line	26
   393                           	
   394  07FD                     l695:	
   395                           	global	start
   396  07FD  120A  118A  2800   	ljmp	start
   397                           	opt stack 0
   398                           GLOBAL	__end_of_main
   399  0800                     	__end_of_main:
   400 ;; =============== function _main ends ============
   401                           
   402                           	signat	_main,88
   403                           psect	maintext
   404                           	global	btemp
   405  007E                     	btemp set 07Eh
   406                           
   407                           	DABS	1,126,2	;btemp
   408                           	global	wtemp0
   409  007E                     	wtemp0 set btemp


HI-TECH Software PICC Macro Assembler V9.83 build 10920 
Symbol Table                                                                                   Mon Oct 22 05:35:47 2018

                   pc 0002                    _RD 0C60                    _WR 0C61                    fsr 0004  
                 l691 07D0                   l692 07FB                   l693 07FC                   l694 07FD  
                 l695 07FD                   _DIG 0020                   _GIE 005F                   fsr0 0004  
                 indf 0000                  l2620 07EB                  l2612 07C9                  l2622 07F8  
                l2614 07D0                  l2616 07D8                  l2618 07E5                  u2230 07F8  
                u2231 07F7                  u2235 07F4                  u2247 07DE                  _WREN 0C62  
                _main 07C9                  btemp 007E                  start 0000                 ?_main 0070  
               _EEADR 010D                 _CARRY 0018                 _PORTB 0006                 _TRISB 0086  
               _Count 0073                 pclath 000A                 status 0003                 wtemp0 007E  
        __end_of_main 0800                ??_main 0070                _EEDATA 010C                _EECON1 018C  
              _EECON2 018D        __pcstackCOMMON 0070          __pidataBANK0 0798            __pmaintext 07C9  
end_of_initialization 07C5               init_ram 07A6   start_initialization 07B5           __pdataBANK0 0020  
         __pbssCOMMON 0073             init_fetch 07A2         __size_of_main 0037  
